<?xml version="1.0" encoding="UTF-8"?>
<!-- Generated by org.testng.reporters.JUnitReportReporter -->
<testsuite hostname="CodeCandy" failures="0" tests="6" name="Runner.MainRunner" time="11.012" errors="2" timestamp="2023-11-24T12:36:47 CST" skipped="0">
  <testcase classname="Runner.MainRunner" name="runScenario" time="0.757"/>
  <testcase classname="Runner.MainRunner" name="runScenario" time="4.931">
    <error message="Cannot invoke &quot;org.openqa.selenium.WebElement.isDisplayed()&quot; because &quot;this.IMG_HomePg&quot; is null" type="java.lang.NullPointerException">
      <![CDATA[java.lang.NullPointerException: Cannot invoke "org.openqa.selenium.WebElement.isDisplayed()" because "this.IMG_HomePg" is null
at steps.LoginStagingSteps.user_validates_the_home_page_title_in_staging_env(LoginStagingSteps.java:23)
at ✽.user validates the home page title in staging env(file:///C:/Users/haz78/eclipse-workspace/cucumberFramwork/src/test/resources/Features/LoginStaging.feature:7)
]]>
    </error>
  </testcase> <!-- runScenario -->
  <testcase classname="Runner.MainRunner" name="runScenario" time="3.002">
    <error message="Cannot invoke &quot;org.openqa.selenium.WebElement.isDisplayed()&quot; because &quot;this.IMG_HomePg&quot; is null" type="java.lang.NullPointerException">
      <![CDATA[java.lang.NullPointerException: Cannot invoke "org.openqa.selenium.WebElement.isDisplayed()" because "this.IMG_HomePg" is null
at steps.LoginStagingSteps.user_validates_the_home_page_title_in_staging_env(LoginStagingSteps.java:23)
at ✽.user validates the home page title in staging env(file:///C:/Users/haz78/eclipse-workspace/cucumberFramwork/src/test/resources/Features/LoginStaging.feature:7)
]]>
    </error>
  </testcase> <!-- runScenario -->
  <testcase classname="Runner.MainRunner" name="runScenario" time="0.799"/>
  <testcase classname="Runner.MainRunner" name="runScenario" time="0.752"/>
  <testcase classname="Runner.MainRunner" name="runScenario" time="0.771"/>
</testsuite> <!-- Runner.MainRunner -->
