<?xml version="1.0" encoding="UTF-8"?>
<!-- Generated by org.testng.reporters.JUnitReportReporter -->
<testsuite hostname="CodeCandy" failures="0" tests="4" name="Runner.LoginProdFeatureRunner" time="0.104" errors="0" timestamp="2023-11-23T10:48:24 CST" skipped="0">
  <testcase classname="Runner.LoginProdFeatureRunner" name="runScenario" time="0.005"/>
  <testcase classname="Runner.LoginProdFeatureRunner" name="runScenario" time="0.085"/>
  <testcase classname="Runner.LoginProdFeatureRunner" name="runScenario" time="0.007"/>
  <testcase classname="Runner.LoginProdFeatureRunner" name="runScenario" time="0.007"/>
</testsuite> <!-- Runner.LoginProdFeatureRunner -->
