<?xml version="1.0" encoding="UTF-8"?>
<!-- Generated by org.testng.reporters.JUnitReportReporter -->
<testsuite hostname="CodeCandy" failures="0" tests="2" name="Runner.LoginStagingFeatureRunner" time="0.097" errors="0" timestamp="2023-11-23T11:06:17 CST" skipped="0">
  <testcase classname="Runner.LoginStagingFeatureRunner" name="runScenario" time="0.009"/>
  <testcase classname="Runner.LoginStagingFeatureRunner" name="runScenario" time="0.088"/>
</testsuite> <!-- Runner.LoginStagingFeatureRunner -->
