<?xml version="1.0" encoding="UTF-8"?>
<!-- Generated by org.testng.reporters.JUnitReportReporter -->
<testsuite hostname="CodeCandy" failures="0" tests="1" name="Runner.LoginFeatureRunner" time="4.020" errors="0" timestamp="2023-11-25T08:38:02 CST" skipped="0">
  <testcase classname="Runner.LoginFeatureRunner" name="runScenario" time="4.020"/>
</testsuite> <!-- Runner.LoginFeatureRunner -->
