<?xml version="1.0" encoding="UTF-8"?>
<!-- Generated by org.testng.reporters.JUnitReportReporter -->
<testsuite hostname="CodeCandy" failures="0" tests="4" name="Runner.RunCuke" time="0.111" errors="0" timestamp="2023-11-23T10:42:58 CST" skipped="0">
  <testcase classname="Runner.RunCuke" name="runScenario" time="0.009"/>
  <testcase classname="Runner.RunCuke" name="runScenario" time="0.004"/>
  <testcase classname="Runner.RunCuke" name="runScenario" time="0.008"/>
  <testcase classname="Runner.RunCuke" name="runScenario" time="0.090"/>
</testsuite> <!-- Runner.RunCuke -->
