<?xml version="1.0" encoding="UTF-8"?>
<!-- Generated by org.testng.reporters.JUnitReportReporter -->
<testsuite hostname="CodeCandy" failures="0" tests="1" name="Runner.DataTableFeatureRunner" time="0.087" errors="0" timestamp="2023-11-23T17:18:18 CST" skipped="0">
  <testcase classname="Runner.DataTableFeatureRunner" name="runScenario" time="0.087"/>
</testsuite> <!-- Runner.DataTableFeatureRunner -->
