<?xml version="1.0" encoding="UTF-8"?>
<!-- Generated by org.testng.reporters.JUnitReportReporter -->
<testsuite hostname="CodeCandy" failures="0" tests="1" name="Runner.LoginFeatureRunner" time="3.922" errors="0" timestamp="2023-11-25T11:40:21 CST" skipped="0">
  <testcase classname="Runner.LoginFeatureRunner" name="runScenario" time="3.922"/>
</testsuite> <!-- Runner.LoginFeatureRunner -->
